<?xml version="1.0" encoding="UTF-8"?>
<testng-results ignored="0" total="3" passed="3" failed="0" skipped="0">
  <reporter-output>
  </reporter-output>
  <suite started-at="2024-02-18T23:44:35 IST" name="Functional Test " finished-at="2024-02-18T23:44:56 IST" duration-ms="21449">
    <groups>
      <group name="functional">
        <method signature="TestCasesHomePage.testCase02()[pri:1, instance:testCases.TestCasesHomePage@443118b0]" name="testCase02" class="testCases.TestCasesHomePage"/>
        <method signature="TestCasesHomePage.testCase03()[pri:2, instance:testCases.TestCasesHomePage@443118b0]" name="testCase03" class="testCases.TestCasesHomePage"/>
        <method signature="TestCasesHomePage.testCase01()[pri:0, instance:testCases.TestCasesHomePage@443118b0]" name="testCase01" class="testCases.TestCasesHomePage"/>
      </group> <!-- functional -->
    </groups>
    <test started-at="2024-02-18T23:44:35 IST" name="Functional Home Page" finished-at="2024-02-18T23:44:56 IST" duration-ms="21449">
      <class name="testCases.TestCasesHomePage">
        <test-method is-config="true" signature="logger()[pri:0, instance:testCases.TestCasesHomePage@443118b0]" started-at="2024-02-18T23:44:35 IST" name="logger" finished-at="2024-02-18T23:44:35 IST" duration-ms="342" status="PASS">
          <reporter-output>
          </reporter-output>
        </test-method> <!-- logger -->
        <test-method is-config="true" signature="intitializeBrowser()[pri:0, instance:testCases.TestCasesHomePage@443118b0]" started-at="2024-02-18T23:44:35 IST" name="intitializeBrowser" finished-at="2024-02-18T23:44:41 IST" duration-ms="5577" status="PASS">
          <reporter-output>
          </reporter-output>
        </test-method> <!-- intitializeBrowser -->
        <test-method signature="testCase01()[pri:0, instance:testCases.TestCasesHomePage@443118b0]" started-at="2024-02-18T23:44:41 IST" name="testCase01" description="Verified Home page slider are displayed" finished-at="2024-02-18T23:44:53 IST" duration-ms="12021" status="PASS">
          <reporter-output>
          </reporter-output>
        </test-method> <!-- testCase01 -->
        <test-method signature="testCase02()[pri:1, instance:testCases.TestCasesHomePage@443118b0]" started-at="2024-02-18T23:44:53 IST" name="testCase02" finished-at="2024-02-18T23:44:55 IST" duration-ms="2121" status="PASS">
          <reporter-output>
          </reporter-output>
        </test-method> <!-- testCase02 -->
        <test-method signature="testCase03()[pri:2, instance:testCases.TestCasesHomePage@443118b0]" started-at="2024-02-18T23:44:55 IST" name="testCase03" description="Image should be clickable and shoul navigate to next page where user can add that book to his basket" finished-at="2024-02-18T23:44:56 IST" depends-on-methods="testCases.TestCasesHomePage.testCase02" duration-ms="1132" status="PASS">
          <reporter-output>
          </reporter-output>
        </test-method> <!-- testCase03 -->
        <test-method is-config="true" signature="tearDown()[pri:0, instance:testCases.TestCasesHomePage@443118b0]" started-at="2024-02-18T23:44:56 IST" name="tearDown" finished-at="2024-02-18T23:44:56 IST" duration-ms="216" status="PASS">
          <reporter-output>
          </reporter-output>
        </test-method> <!-- tearDown -->
      </class> <!-- testCases.TestCasesHomePage -->
    </test> <!-- Functional Home Page -->
  </suite> <!-- Functional Test  -->
</testng-results>
