<?xml version="1.0" encoding="UTF-8"?>
<testng-results ignored="0" total="1" passed="1" failed="0" skipped="0">
  <reporter-output>
  </reporter-output>
  <suite started-at="2024-02-15T23:38:46 IST" name="Functional Test " finished-at="2024-02-15T23:39:04 IST" duration-ms="18375">
    <groups>
    </groups>
    <test started-at="2024-02-15T23:38:46 IST" name="Functional Home Page" finished-at="2024-02-15T23:39:04 IST" duration-ms="18375">
      <class name="testCases.TestCasesHomePage">
        <test-method is-config="true" signature="intitializeBrowser()[pri:0, instance:testCases.TestCasesHomePage@73a1e9a9]" started-at="2024-02-15T23:38:46 IST" name="intitializeBrowser" finished-at="2024-02-15T23:38:52 IST" duration-ms="5363" status="PASS">
          <reporter-output>
          </reporter-output>
        </test-method> <!-- intitializeBrowser -->
        <test-method signature="testCase01()[pri:0, instance:testCases.TestCasesHomePage@73a1e9a9]" started-at="2024-02-15T23:38:52 IST" name="testCase01" finished-at="2024-02-15T23:39:04 IST" duration-ms="12194" status="PASS">
          <reporter-output>
          </reporter-output>
        </test-method> <!-- testCase01 -->
        <test-method is-config="true" signature="tearDown()[pri:0, instance:testCases.TestCasesHomePage@73a1e9a9]" started-at="2024-02-15T23:39:04 IST" name="tearDown" finished-at="2024-02-15T23:39:04 IST" duration-ms="317" status="PASS">
          <reporter-output>
          </reporter-output>
        </test-method> <!-- tearDown -->
      </class> <!-- testCases.TestCasesHomePage -->
    </test> <!-- Functional Home Page -->
  </suite> <!-- Functional Test  -->
</testng-results>
